<?xml version="1.0" encoding="UTF-8"?>
<!-- Generated by org.testng.reporters.JUnitReportReporter -->
<testsuite hostname="Vadims-MBP.lan" failures="0" tests="1" name="ampeg.LoginAndLogOutTest" time="6.475" errors="0" timestamp="2021-10-13T19:25:43 EDT" skipped="0">
  <testcase classname="ampeg.LoginAndLogOutTest" name="cannotLoginWithoutPassword" time="6.475"/>
  <system-out/>
</testsuite> <!-- ampeg.LoginAndLogOutTest -->
