<?xml version="1.0" encoding="UTF-8"?>
<!-- Generated by org.testng.reporters.JUnitReportReporter -->
<testsuite hostname="Vadims-MBP.lan" failures="0" tests="1" name="ampeg.ChromeTests" time="11.651" errors="0" timestamp="2021-10-14T21:03:08 EDT" skipped="0">
  <testcase classname="ampeg.ChromeTests" name="canLoginAndLogout" time="11.651"/>
  <system-out/>
</testsuite> <!-- ampeg.ChromeTests -->
