<?xml version="1.0" encoding="UTF-8"?>
<!-- Generated by org.testng.reporters.JUnitReportReporter -->
<testsuite hostname="Vadims-MBP.lan" failures="0" tests="1" name="ampeg.LoginAndLogoutTest" time="6.513" errors="0" timestamp="2021-10-13T21:47:08 EDT" skipped="0">
  <testcase classname="ampeg.LoginAndLogoutTest" name="canLoginAndLogout" time="6.513"/>
  <system-out/>
</testsuite> <!-- ampeg.LoginAndLogoutTest -->
