<?xml version="1.0" encoding="UTF-8"?>
<!-- Generated by org.testng.reporters.JUnitReportReporter -->
<testsuite hostname="Vadims-MBP.lan" failures="0" tests="1" name="ampeg.EdgeTests" time="11.640" errors="0" timestamp="2021-10-13T22:51:46 EDT" skipped="0">
  <testcase classname="ampeg.EdgeTests" name="canLoginTest" time="11.640"/>
  <system-out/>
</testsuite> <!-- ampeg.EdgeTests -->
