<?xml version="1.0" encoding="UTF-8"?>
<!-- Generated by org.testng.reporters.JUnitReportReporter -->
<testsuite hostname="Vadims-MBP.lan" failures="0" tests="2" name="ampeg.LoginAndLogoutTest" time="13.963" errors="0" timestamp="2021-10-13T19:28:45 EDT" skipped="0">
  <testcase classname="ampeg.LoginAndLogoutTest" name="cannotLoginWithoutPassword" time="4.744"/>
  <system-out/>
  <testcase classname="ampeg.LoginAndLogoutTest" name="canLoginAndLogout" time="9.219"/>
  <system-out/>
</testsuite> <!-- ampeg.LoginAndLogoutTest -->
