<?xml version="1.0" encoding="UTF-8"?>
<!-- Generated by org.testng.reporters.JUnitReportReporter -->
<testsuite hostname="Vadims-MBP.lan" failures="0" tests="1" name="ampeg.EdgeTests" time="6.554" errors="0" timestamp="2021-10-13T23:02:10 EDT" skipped="0">
  <testcase classname="ampeg.EdgeTests" name="cannotLoginWithEmptyPassword" time="6.554"/>
  <system-out/>
</testsuite> <!-- ampeg.EdgeTests -->
