<?xml version="1.0" encoding="UTF-8"?>
<!-- Generated by org.testng.reporters.JUnitReportReporter -->
<testsuite hostname="Vadims-MBP.lan" failures="0" tests="1" name="ampeg.LoginAndLogoutTest" time="4.903" errors="0" timestamp="2021-10-13T22:40:37 EDT" skipped="0">
  <testcase classname="ampeg.LoginAndLogoutTest" name="cannotLoginWithoutPassword" time="4.903"/>
  <system-out/>
</testsuite> <!-- ampeg.LoginAndLogoutTest -->
