<?xml version="1.0" encoding="UTF-8"?>
<!-- Generated by org.testng.reporters.JUnitReportReporter -->
<testsuite hostname="Vadims-MBP.lan" failures="0" tests="1" name="ampeg.LoginAndLogOutTest" time="5.867" errors="0" timestamp="2021-10-13T16:41:54 EDT" skipped="0">
  <testcase classname="ampeg.LoginAndLogOutTest" name="cannotLoginWithoutPassword" time="5.867"/>
  <system-out/>
</testsuite> <!-- ampeg.LoginAndLogOutTest -->
