<?xml version="1.0" encoding="UTF-8"?>
<!-- Generated by org.testng.reporters.JUnitReportReporter -->
<testsuite hostname="Vadims-MBP.lan" failures="0" tests="1" name="ampeg.EdgeTests" time="2.007" errors="0" timestamp="2021-10-14T21:13:32 EDT" skipped="0">
  <testcase classname="ampeg.EdgeTests" name="test" time="2.007"/>
  <system-out/>
</testsuite> <!-- ampeg.EdgeTests -->
