<?xml version="1.0" encoding="UTF-8"?>
<!-- Generated by org.testng.reporters.JUnitReportReporter -->
<testsuite hostname="Vadims-MBP.lan" failures="0" tests="2" name="ampeg.LoginAndLogoutTest" time="11.079" errors="0" timestamp="2021-10-13T22:18:03 EDT" skipped="0">
  <testcase classname="ampeg.LoginAndLogoutTest" name="canLoginAndLogout" time="7.167"/>
  <system-out/>
  <testcase classname="ampeg.LoginAndLogoutTest" name="cannotLoginWithoutPassword" time="3.912"/>
  <system-out/>
</testsuite> <!-- ampeg.LoginAndLogoutTest -->
