<?xml version="1.0" encoding="UTF-8"?>
<!-- Generated by org.testng.reporters.JUnitReportReporter -->
<testsuite hostname="Vadims-MBP.lan" failures="0" tests="1" name="ampeg.SafariTest" time="6.621" errors="0" timestamp="2021-10-14T20:50:15 EDT" skipped="0">
  <testcase classname="ampeg.SafariTest" name="canLoginTest" time="6.621"/>
  <system-out/>
</testsuite> <!-- ampeg.SafariTest -->
