<?xml version="1.0" encoding="UTF-8"?>
<!-- Generated by org.testng.reporters.JUnitReportReporter -->
<testsuite hostname="Vadims-MBP.lan" failures="0" tests="1" name="ampeg.EdgeTest" time="0.007" errors="0" timestamp="2021-10-14T22:04:09 EDT" skipped="0">
  <testcase classname="ampeg.EdgeTest" name="endOfTests" time="0.007"/>
  <system-out/>
</testsuite> <!-- ampeg.EdgeTest -->
